The system is: Darwin - 22.6.0 - x86_64
Compiling the C compiler identification source file "CMakeCCompilerId.c" succeeded.
Compiler: /Library/Developer/CommandLineTools/usr/bin/cc 
Build flags: 
Id flags: -c 

The output was:
0


Compilation of the C compiler identification source "CMakeCCompilerId.c" produced "CMakeCCompilerId.o"

The C compiler identification is AppleClang, found in "/Users/charleskokofi/Desktop/JobHub/MyIdeas/midterm/cmake-build-debug/CMakeFiles/3.25.2/CompilerIdC/CMakeCCompilerId.o"

Detecting C compiler ABI info compiled with the following output:
Change Dir: /Users/charleskokofi/Desktop/JobHub/MyIdeas/midterm/cmake-build-debug/CMakeFiles/CMakeScratch/TryCompile-aJsp18

Run Build Command(s):/usr/bin/make -f Makefile cmTC_44b0c/fast && /Library/Developer/CommandLineTools/usr/bin/make  -f CMakeFiles/cmTC_44b0c.dir/build.make CMakeFiles/cmTC_44b0c.dir/build
Building C object CMakeFiles/cmTC_44b0c.dir/CMakeCCompilerABI.c.o
/Library/Developer/CommandLineTools/usr/bin/cc   -isysroot /Library/Developer/CommandLineTools/SDKs/MacOSX13.3.sdk -fcolor-diagnostics   -v -Wl,-v -MD -MT CMakeFiles/cmTC_44b0c.dir/CMakeCCompilerABI.c.o -MF CMakeFiles/cmTC_44b0c.dir/CMakeCCompilerABI.c.o.d -o CMakeFiles/cmTC_44b0c.dir/CMakeCCompilerABI.c.o -c /Applications/CLion.app/Contents/bin/cmake/mac/share/cmake-3.25/Modules/CMakeCCompilerABI.c
Apple clang version 14.0.3 (clang-1403.0.22.14.1)
Target: x86_64-apple-darwin22.6.0
Thread model: posix
InstalledDir: /Library/Developer/CommandLineTools/usr/bin
clang: [0;1;35mwarning: [0m[1m-Wl,-v: 'linker' input unused [-Wunused-command-line-argument][0m
 "/Library/Developer/CommandLineTools/usr/bin/clang" -cc1 -triple x86_64-apple-macosx13.0.0 -Wundef-prefix=TARGET_OS_ -Wdeprecated-objc-isa-usage -Werror=deprecated-objc-isa-usage -Werror=implicit-function-declaration -emit-obj -mrelax-all --mrelax-relocations -disable-free -clear-ast-before-backend -disable-llvm-verifier -discard-value-names -main-file-name CMakeCCompilerABI.c -mrelocation-model pic -pic-level 2 -mframe-pointer=all -fno-strict-return -ffp-contract=on -fno-rounding-math -funwind-tables=2 -target-sdk-version=13.3 -fvisibility-inlines-hidden-static-local-var -target-cpu penryn -tune-cpu generic -mllvm -treat-scalable-fixed-error-as-warning -debugger-tuning=lldb -target-linker-version 857.1 -v -fcoverage-compilation-dir=/Users/charleskokofi/Desktop/JobHub/MyIdeas/midterm/cmake-build-debug/CMakeFiles/CMakeScratch/TryCompile-aJsp18 -resource-dir /Library/Developer/CommandLineTools/usr/lib/clang/14.0.3 -dependency-file CMakeFiles/cmTC_44b0c.dir/CMakeCCompilerABI.c.o.d -skip-unused-modulemap-deps -MT CMakeFiles/cmTC_44b0c.dir/CMakeCCompilerABI.c.o -sys-header-deps -isysroot /Library/Developer/CommandLineTools/SDKs/MacOSX13.3.sdk -internal-isystem /Library/Developer/CommandLineTools/SDKs/MacOSX13.3.sdk/usr/local/include -internal-isystem /Library/Developer/CommandLineTools/usr/lib/clang/14.0.3/include -internal-externc-isystem /Library/Developer/CommandLineTools/SDKs/MacOSX13.3.sdk/usr/include -internal-externc-isystem /Library/Developer/CommandLineTools/usr/include -Wno-reorder-init-list -Wno-implicit-int-float-conversion -Wno-c99-designator -Wno-final-dtor-non-final-class -Wno-extra-semi-stmt -Wno-misleading-indentation -Wno-quoted-include-in-framework-header -Wno-implicit-fallthrough -Wno-enum-enum-conversion -Wno-enum-float-conversion -Wno-elaborated-enum-base -Wno-reserved-identifier -Wno-gnu-folding-constant -fdebug-compilation-dir=/Users/charleskokofi/Desktop/JobHub/MyIdeas/midterm/cmake-build-debug/CMakeFiles/CMakeScratch/TryCompile-aJsp18 -ferror-limit 19 -stack-protector 1 -fstack-check -mdarwin-stkchk-strong-link -fblocks -fencode-extended-block-signature -fregister-global-dtors-with-atexit -fgnuc-version=4.2.1 -no-opaque-pointers -fmax-type-align=16 -fcommon -fcolor-diagnostics -clang-vendor-feature=+disableNonDependentMemberExprInCurrentInstantiation -fno-odr-hash-protocols -clang-vendor-feature=+enableAggressiveVLAFolding -clang-vendor-feature=+revert09abecef7bbf -clang-vendor-feature=+thisNoAlignAttr -clang-vendor-feature=+thisNoNullAttr -mllvm -disable-aligned-alloc-awareness=1 -D__GCC_HAVE_DWARF2_CFI_ASM=1 -o CMakeFiles/cmTC_44b0c.dir/CMakeCCompilerABI.c.o -x c /Applications/CLion.app/Contents/bin/cmake/mac/share/cmake-3.25/Modules/CMakeCCompilerABI.c
clang -cc1 version 14.0.3 (clang-1403.0.22.14.1) default target x86_64-apple-darwin22.6.0
ignoring nonexistent directory "/Library/Developer/CommandLineTools/SDKs/MacOSX13.3.sdk/usr/local/include"
ignoring nonexistent directory "/Library/Developer/CommandLineTools/SDKs/MacOSX13.3.sdk/Library/Frameworks"
#include "..." search starts here:
#include <...> search starts here:
 /Library/Developer/CommandLineTools/usr/lib/clang/14.0.3/include
 /Library/Developer/CommandLineTools/SDKs/MacOSX13.3.sdk/usr/include
 /Library/Developer/CommandLineTools/usr/include
 /Library/Developer/CommandLineTools/SDKs/MacOSX13.3.sdk/System/Library/Frameworks (framework directory)
End of search list.
Linking C executable cmTC_44b0c
/Applications/CLion.app/Contents/bin/cmake/mac/bin/cmake -E cmake_link_script CMakeFiles/cmTC_44b0c.dir/link.txt --verbose=1
/Library/Developer/CommandLineTools/usr/bin/cc  -isysroot /Library/Developer/CommandLineTools/SDKs/MacOSX13.3.sdk -Wl,-search_paths_first -Wl,-headerpad_max_install_names  -v -Wl,-v CMakeFiles/cmTC_44b0c.dir/CMakeCCompilerABI.c.o -o cmTC_44b0c 
Apple clang version 14.0.3 (clang-1403.0.22.14.1)
Target: x86_64-apple-darwin22.6.0
Thread model: posix
InstalledDir: /Library/Developer/CommandLineTools/usr/bin
 "/Library/Developer/CommandLineTools/usr/bin/ld" -demangle -lto_library /Library/Developer/CommandLineTools/usr/lib/libLTO.dylib -dynamic -arch x86_64 -platform_version macos 13.0.0 13.3 -syslibroot /Library/Developer/CommandLineTools/SDKs/MacOSX13.3.sdk -o cmTC_44b0c -search_paths_first -headerpad_max_install_names -v CMakeFiles/cmTC_44b0c.dir/CMakeCCompilerABI.c.o -lSystem /Library/Developer/CommandLineTools/usr/lib/clang/14.0.3/lib/darwin/libclang_rt.osx.a
@(#)PROGRAM:ld  PROJECT:ld64-857.1
BUILD 23:13:24 May  7 2023
configured to support archs: armv6 armv7 armv7s arm64 arm64e arm64_32 i386 x86_64 x86_64h armv6m armv7k armv7m armv7em
Library search paths:
	/Library/Developer/CommandLineTools/SDKs/MacOSX13.3.sdk/usr/lib
Framework search paths:
	/Library/Developer/CommandLineTools/SDKs/MacOSX13.3.sdk/System/Library/Frameworks/



Parsed C implicit include dir info from above output: rv=loading
  found start of include info
  warn: unable to parse implicit include dirs!


Parsed C implicit link information from above output:
  link line regex: [^( *|.*[/\])(ld|CMAKE_LINK_STARTFILE-NOTFOUND|([^/\]+-)?ld|collect2)[^/\]*( |$)]
  ignore line: [Change Dir: /Users/charleskokofi/Desktop/JobHub/MyIdeas/midterm/cmake-build-debug/CMakeFiles/CMakeScratch/TryCompile-aJsp18]
  ignore line: []
  ignore line: [Run Build Command(s):/usr/bin/make -f Makefile cmTC_44b0c/fast && /Library/Developer/CommandLineTools/usr/bin/make  -f CMakeFiles/cmTC_44b0c.dir/build.make CMakeFiles/cmTC_44b0c.dir/build]
  ignore line: [Building C object CMakeFiles/cmTC_44b0c.dir/CMakeCCompilerABI.c.o]
  ignore line: [/Library/Developer/CommandLineTools/usr/bin/cc   -isysroot /Library/Developer/CommandLineTools/SDKs/MacOSX13.3.sdk -fcolor-diagnostics   -v -Wl -v -MD -MT CMakeFiles/cmTC_44b0c.dir/CMakeCCompilerABI.c.o -MF CMakeFiles/cmTC_44b0c.dir/CMakeCCompilerABI.c.o.d -o CMakeFiles/cmTC_44b0c.dir/CMakeCCompilerABI.c.o -c /Applications/CLion.app/Contents/bin/cmake/mac/share/cmake-3.25/Modules/CMakeCCompilerABI.c]
  ignore line: [Apple clang version 14.0.3 (clang-1403.0.22.14.1)]
  ignore line: [Target: x86_64-apple-darwin22.6.0]
  ignore line: [Thread model: posix]
  ignore line: [InstalledDir: /Library/Developer/CommandLineTools/usr/bin]
  ignore line: [clang: [0;1;35mwarning: [0m[1m-Wl,-v: 'linker' input unused [-Wunused-command-line-argument][0m; "/Library/Developer/CommandLineTools/usr/bin/clang" -cc1 -triple x86_64-apple-macosx13.0.0 -Wundef-prefix=TARGET_OS_ -Wdeprecated-objc-isa-usage -Werror=deprecated-objc-isa-usage -Werror=implicit-function-declaration -emit-obj -mrelax-all --mrelax-relocations -disable-free -clear-ast-before-backend -disable-llvm-verifier -discard-value-names -main-file-name CMakeCCompilerABI.c -mrelocation-model pic -pic-level 2 -mframe-pointer=all -fno-strict-return -ffp-contract=on -fno-rounding-math -funwind-tables=2 -target-sdk-version=13.3 -fvisibility-inlines-hidden-static-local-var -target-cpu penryn -tune-cpu generic -mllvm -treat-scalable-fixed-error-as-warning -debugger-tuning=lldb -target-linker-version 857.1 -v -fcoverage-compilation-dir=/Users/charleskokofi/Desktop/JobHub/MyIdeas/midterm/cmake-build-debug/CMakeFiles/CMakeScratch/TryCompile-aJsp18 -resource-dir /Library/Developer/CommandLineTools/usr/lib/clang/14.0.3 -dependency-file CMakeFiles/cmTC_44b0c.dir/CMakeCCompilerABI.c.o.d -skip-unused-modulemap-deps -MT CMakeFiles/cmTC_44b0c.dir/CMakeCCompilerABI.c.o -sys-header-deps -isysroot /Library/Developer/CommandLineTools/SDKs/MacOSX13.3.sdk -internal-isystem /Library/Developer/CommandLineTools/SDKs/MacOSX13.3.sdk/usr/local/include -internal-isystem /Library/Developer/CommandLineTools/usr/lib/clang/14.0.3/include -internal-externc-isystem /Library/Developer/CommandLineTools/SDKs/MacOSX13.3.sdk/usr/include -internal-externc-isystem /Library/Developer/CommandLineTools/usr/include -Wno-reorder-init-list -Wno-implicit-int-float-conversion -Wno-c99-designator -Wno-final-dtor-non-final-class -Wno-extra-semi-stmt -Wno-misleading-indentation -Wno-quoted-include-in-framework-header -Wno-implicit-fallthrough -Wno-enum-enum-conversion -Wno-enum-float-conversion -Wno-elaborated-enum-base -Wno-reserved-identifier -Wno-gnu-folding-constant -fdebug-compilation-dir=/Users/charleskokofi/Desktop/JobHub/MyIdeas/midterm/cmake-build-debug/CMakeFiles/CMakeScratch/TryCompile-aJsp18 -ferror-limit 19 -stack-protector 1 -fstack-check -mdarwin-stkchk-strong-link -fblocks -fencode-extended-block-signature -fregister-global-dtors-with-atexit -fgnuc-version=4.2.1 -no-opaque-pointers -fmax-type-align=16 -fcommon -fcolor-diagnostics -clang-vendor-feature=+disableNonDependentMemberExprInCurrentInstantiation -fno-odr-hash-protocols -clang-vendor-feature=+enableAggressiveVLAFolding -clang-vendor-feature=+revert09abecef7bbf -clang-vendor-feature=+thisNoAlignAttr -clang-vendor-feature=+thisNoNullAttr -mllvm -disable-aligned-alloc-awareness=1 -D__GCC_HAVE_DWARF2_CFI_ASM=1 -o CMakeFiles/cmTC_44b0c.dir/CMakeCCompilerABI.c.o -x c /Applications/CLion.app/Contents/bin/cmake/mac/share/cmake-3.25/Modules/CMakeCCompilerABI.c;clang -cc1 version 14.0.3 (clang-1403.0.22.14.1) default target x86_64-apple-darwin22.6.0;ignoring nonexistent directory "/Library/Developer/CommandLineTools/SDKs/MacOSX13.3.sdk/usr/local/include";ignoring nonexistent directory "/Library/Developer/CommandLineTools/SDKs/MacOSX13.3.sdk/Library/Frameworks";#include "..." search starts here:;#include <...> search starts here:; /Library/Developer/CommandLineTools/usr/lib/clang/14.0.3/include; /Library/Developer/CommandLineTools/SDKs/MacOSX13.3.sdk/usr/include; /Library/Developer/CommandLineTools/usr/include; /Library/Developer/CommandLineTools/SDKs/MacOSX13.3.sdk/System/Library/Frameworks (framework directory);End of search list.;Linking C executable cmTC_44b0c;/Applications/CLion.app/Contents/bin/cmake/mac/bin/cmake -E cmake_link_script CMakeFiles/cmTC_44b0c.dir/link.txt --verbose=1;/Library/Developer/CommandLineTools/usr/bin/cc  -isysroot /Library/Developer/CommandLineTools/SDKs/MacOSX13.3.sdk -Wl,-search_paths_first -Wl,-headerpad_max_install_names  -v -Wl,-v CMakeFiles/cmTC_44b0c.dir/CMakeCCompilerABI.c.o -o cmTC_44b0c ;Apple clang version 14.0.3 (clang-1403.0.22.14.1);Target: x86_64-apple-darwin22.6.0;Thread model: posix;InstalledDir: /Library/Developer/CommandLineTools/usr/bin; "/Library/Developer/CommandLineTools/usr/bin/ld" -demangle -lto_library /Library/Developer/CommandLineTools/usr/lib/libLTO.dylib -dynamic -arch x86_64 -platform_version macos 13.0.0 13.3 -syslibroot /Library/Developer/CommandLineTools/SDKs/MacOSX13.3.sdk -o cmTC_44b0c -search_paths_first -headerpad_max_install_names -v CMakeFiles/cmTC_44b0c.dir/CMakeCCompilerABI.c.o -lSystem /Library/Developer/CommandLineTools/usr/lib/clang/14.0.3/lib/darwin/libclang_rt.osx.a;@(#)PROGRAM:ld  PROJECT:ld64-857.1;BUILD 23:13:24 May  7 2023;configured to support archs: armv6 armv7 armv7s arm64 arm64e arm64_32 i386 x86_64 x86_64h armv6m armv7k armv7m armv7em;Library search paths:;	/Library/Developer/CommandLineTools/SDKs/MacOSX13.3.sdk/usr/lib;Framework search paths:;	/Library/Developer/CommandLineTools/SDKs/MacOSX13.3.sdk/System/Library/Frameworks/;;]
  Library search paths: [;/Library/Developer/CommandLineTools/SDKs/MacOSX13.3.sdk/usr/lib]
  Framework search paths: [;/Library/Developer/CommandLineTools/SDKs/MacOSX13.3.sdk/System/Library/Frameworks/]
  collapse library dir [/Library/Developer/CommandLineTools/SDKs/MacOSX13.3.sdk/usr/lib] ==> [/Library/Developer/CommandLineTools/SDKs/MacOSX13.3.sdk/usr/lib]
  collapse framework dir [/Library/Developer/CommandLineTools/SDKs/MacOSX13.3.sdk/System/Library/Frameworks/] ==> [/Library/Developer/CommandLineTools/SDKs/MacOSX13.3.sdk/System/Library/Frameworks]
  implicit libs: []
  implicit objs: []
  implicit dirs: [/Library/Developer/CommandLineTools/SDKs/MacOSX13.3.sdk/usr/lib]
  implicit fwks: [/Library/Developer/CommandLineTools/SDKs/MacOSX13.3.sdk/System/Library/Frameworks]


Performing C SOURCE FILE Test SUPPORTS_WARNING_Weverything succeeded with the following output:
Change Dir: /Users/charleskokofi/Desktop/JobHub/MyIdeas/midterm/cmake-build-debug/CMakeFiles/CMakeScratch/TryCompile-PJkt3S

Run Build Command(s):/usr/bin/make -f Makefile cmTC_90139/fast && /Library/Developer/CommandLineTools/usr/bin/make  -f CMakeFiles/cmTC_90139.dir/build.make CMakeFiles/cmTC_90139.dir/build
Building C object CMakeFiles/cmTC_90139.dir/src.c.o
/Library/Developer/CommandLineTools/usr/bin/cc -DSUPPORTS_WARNING_Weverything  -isysroot /Library/Developer/CommandLineTools/SDKs/MacOSX13.3.sdk -fcolor-diagnostics   -Weverything -MD -MT CMakeFiles/cmTC_90139.dir/src.c.o -MF CMakeFiles/cmTC_90139.dir/src.c.o.d -o CMakeFiles/cmTC_90139.dir/src.c.o -c /Users/charleskokofi/Desktop/JobHub/MyIdeas/midterm/cmake-build-debug/CMakeFiles/CMakeScratch/TryCompile-PJkt3S/src.c
Linking C executable cmTC_90139
/Applications/CLion.app/Contents/bin/cmake/mac/bin/cmake -E cmake_link_script CMakeFiles/cmTC_90139.dir/link.txt --verbose=1
/Library/Developer/CommandLineTools/usr/bin/cc  -isysroot /Library/Developer/CommandLineTools/SDKs/MacOSX13.3.sdk -Wl,-search_paths_first -Wl,-headerpad_max_install_names CMakeFiles/cmTC_90139.dir/src.c.o -o cmTC_90139 


Source file was:
int main(void) { return 0; }

Performing C SOURCE FILE Test SUPPORTS_WARNING_Wnopoisonsystemdirectories succeeded with the following output:
Change Dir: /Users/charleskokofi/Desktop/JobHub/MyIdeas/midterm/cmake-build-debug/CMakeFiles/CMakeScratch/TryCompile-sSZGSa

Run Build Command(s):/usr/bin/make -f Makefile cmTC_b7428/fast && /Library/Developer/CommandLineTools/usr/bin/make  -f CMakeFiles/cmTC_b7428.dir/build.make CMakeFiles/cmTC_b7428.dir/build
Building C object CMakeFiles/cmTC_b7428.dir/src.c.o
/Library/Developer/CommandLineTools/usr/bin/cc -DSUPPORTS_WARNING_Wnopoisonsystemdirectories  -isysroot /Library/Developer/CommandLineTools/SDKs/MacOSX13.3.sdk -fcolor-diagnostics   -Wno-poison-system-directories -MD -MT CMakeFiles/cmTC_b7428.dir/src.c.o -MF CMakeFiles/cmTC_b7428.dir/src.c.o.d -o CMakeFiles/cmTC_b7428.dir/src.c.o -c /Users/charleskokofi/Desktop/JobHub/MyIdeas/midterm/cmake-build-debug/CMakeFiles/CMakeScratch/TryCompile-sSZGSa/src.c
Linking C executable cmTC_b7428
/Applications/CLion.app/Contents/bin/cmake/mac/bin/cmake -E cmake_link_script CMakeFiles/cmTC_b7428.dir/link.txt --verbose=1
/Library/Developer/CommandLineTools/usr/bin/cc  -isysroot /Library/Developer/CommandLineTools/SDKs/MacOSX13.3.sdk -Wl,-search_paths_first -Wl,-headerpad_max_install_names CMakeFiles/cmTC_b7428.dir/src.c.o -o cmTC_b7428 


Source file was:
int main(void) { return 0; }

Determining if the function pow exists in the m passed with the following output:
Change Dir: /Users/charleskokofi/Desktop/JobHub/MyIdeas/midterm/cmake-build-debug/CMakeFiles/CMakeScratch/TryCompile-0OxL9m

Run Build Command(s):/usr/bin/make -f Makefile cmTC_8d010/fast && /Library/Developer/CommandLineTools/usr/bin/make  -f CMakeFiles/cmTC_8d010.dir/build.make CMakeFiles/cmTC_8d010.dir/build
Building C object CMakeFiles/cmTC_8d010.dir/CheckFunctionExists.c.o
/Library/Developer/CommandLineTools/usr/bin/cc   -DCHECK_FUNCTION_EXISTS=pow -isysroot /Library/Developer/CommandLineTools/SDKs/MacOSX13.3.sdk -fcolor-diagnostics -MD -MT CMakeFiles/cmTC_8d010.dir/CheckFunctionExists.c.o -MF CMakeFiles/cmTC_8d010.dir/CheckFunctionExists.c.o.d -o CMakeFiles/cmTC_8d010.dir/CheckFunctionExists.c.o -c /Users/charleskokofi/Desktop/JobHub/MyIdeas/midterm/cmake-build-debug/CMakeFiles/CMakeScratch/TryCompile-0OxL9m/CheckFunctionExists.c
[1m/Users/charleskokofi/Desktop/JobHub/MyIdeas/midterm/cmake-build-debug/CMakeFiles/CMakeScratch/TryCompile-0OxL9m/CheckFunctionExists.c:7:3: [0m[0;1;35mwarning: [0m[1mincompatible redeclaration of library function 'pow' [-Wincompatible-library-redeclaration][0m
  CHECK_FUNCTION_EXISTS(void);
[0;1;32m  ^
[0m[1m<command line>:1:31: [0m[0;1;30mnote: [0mexpanded from macro 'CHECK_FUNCTION_EXISTS'[0m
#define CHECK_FUNCTION_EXISTS pow
[0;1;32m                              ^
[0m[1m/Users/charleskokofi/Desktop/JobHub/MyIdeas/midterm/cmake-build-debug/CMakeFiles/CMakeScratch/TryCompile-0OxL9m/CheckFunctionExists.c:7:3: [0m[0;1;30mnote: [0m'pow' is a builtin with type 'double (double, double)'[0m
[1m<command line>:1:31: [0m[0;1;30mnote: [0mexpanded from macro 'CHECK_FUNCTION_EXISTS'[0m
#define CHECK_FUNCTION_EXISTS pow
[0;1;32m                              ^
[0m1 warning generated.
Linking C executable cmTC_8d010
/Applications/CLion.app/Contents/bin/cmake/mac/bin/cmake -E cmake_link_script CMakeFiles/cmTC_8d010.dir/link.txt --verbose=1
/Library/Developer/CommandLineTools/usr/bin/cc  -DCHECK_FUNCTION_EXISTS=pow -isysroot /Library/Developer/CommandLineTools/SDKs/MacOSX13.3.sdk -Wl,-search_paths_first -Wl,-headerpad_max_install_names CMakeFiles/cmTC_8d010.dir/CheckFunctionExists.c.o -o cmTC_8d010  -lm 



